<?xml version="1.0" encoding="UTF-8"?>
<!-- Generated by org.testng.reporters.JUnitXMLReporter -->
<testsuite ignored="4" hostname="LAPTOP-RGPVMKAR" failures="0" tests="1" name="Exceptions Test" time="10.029" errors="0" timestamp="2022-05-09T19:36:11 CDT">
  <testcase classname="com.herokuapp.theinternet.ExceptionsTests" name="disabledElementTest" time="4.656"/>
  <testcase classname="com.herokuapp.theinternet.ExceptionsTests" name="noSuchElementTest" time="0.0">
    <ignored/>
  </testcase> <!-- noSuchElementTest -->
  <testcase classname="com.herokuapp.theinternet.ExceptionsTests" name="staleElementTest" time="0.0">
    <ignored/>
  </testcase> <!-- staleElementTest -->
  <testcase classname="com.herokuapp.theinternet.ExceptionsTests" name="notVisibleTest" time="0.0">
    <ignored/>
  </testcase> <!-- notVisibleTest -->
  <testcase classname="com.herokuapp.theinternet.ExceptionsTests" name="timeOutTest" time="0.0">
    <ignored/>
  </testcase> <!-- timeOutTest -->
</testsuite> <!-- Exceptions Test -->
