<?xml version="1.0" encoding="UTF-8"?>
<testsuite xmlns:xsi="http://www.w3.org/2001/XMLSchema-instance" xsi:noNamespaceSchemaLocation="https://maven.apache.org/surefire/maven-surefire-plugin/xsd/surefire-test-report-3.0.xsd" version="3.0" name="TestSuite" time="33.536" tests="3" errors="0" skipped="0" failures="0">
  <properties>
[...]
</properties>
  <testcase name="loginTest" classname="com.herokuapp.theinternet.PositiveTests" time="11.093">
    <system-out><![CDATA[Starting loginTest
Page is opened.
***generic
]]></system-out>
    <system-err><![CDATA[SLF4J: Failed to load class "org.slf4j.impl.StaticLoggerBinder".
SLF4J: Defaulting to no-operation (NOP) logger implementation
SLF4J: See http://www.slf4j.org/codes.html#StaticLoggerBinder for further details.
Starting ChromeDriver 101.0.4951.41 (93c720db8323b3ec10d056025ab95c23a31997c9-refs/branch-heads/4951@{#904}) on port 55924
Only local connections are allowed.
Please see https://chromedriver.chromium.org/security-considerations for suggestions on keeping ChromeDriver safe.
ChromeDriver was started successfully.
May 06, 2022 4:10:40 AM org.openqa.selenium.remote.ProtocolHandshake createSession
INFO: Detected dialect: W3C
May 06, 2022 4:10:40 AM org.openqa.selenium.devtools.CdpVersionFinder findNearestMatch
INFO: Found exact CDP implementation for version 101
]]></system-err>
  </testcase>
  <testcase name="incorrectPasswordTest" classname="com.herokuapp.theinternet.NegativeTests" time="9.708">
    <system-out><![CDATA[Starting the incorrect Username Test
Page is opened.
]]></system-out>
    <system-err><![CDATA[Starting ChromeDriver 101.0.4951.41 (93c720db8323b3ec10d056025ab95c23a31997c9-refs/branch-heads/4951@{#904}) on port 63954
Only local connections are allowed.
Please see https://chromedriver.chromium.org/security-considerations for suggestions on keeping ChromeDriver safe.
ChromeDriver was started successfully.
May 06, 2022 4:10:50 AM org.openqa.selenium.remote.ProtocolHandshake createSession
INFO: Detected dialect: W3C
May 06, 2022 4:10:50 AM org.openqa.selenium.devtools.CdpVersionFinder findNearestMatch
INFO: Found exact CDP implementation for version 101
]]></system-err>
  </testcase>
  <testcase name="incorrectUsernameTest" classname="com.herokuapp.theinternet.NegativeTests" time="12.126">
    <system-out><![CDATA[Starting the incorrect Username Test
Page is opened.
]]></system-out>
    <system-err><![CDATA[1651828258919	geckodriver	INFO	Listening on 127.0.0.1:63655
1651828259358	mozrunner::runner	INFO	Running command: "C:\\Program Files\\Mozilla Firefox\\firefox.exe" "--marionette" "--remote-debugging-port" "49431" "--remote-allow-hosts" "localhost" "-no-remote" "-profile" "C:\\Users\\huruk\\AppData\\Local\\Temp\\rust_mozprofile6ZZxpu"
1651828259954	Marionette	INFO	Marionette enabled
LdrLoadDll: Blocking load of 'wrusr.dll' -- see http://www.mozilla.com/en-US/blocklist/
console.warn: SearchSettings: "get: No settings file exists, new profile?" (new NotFoundError("Could not open the file at C:\\Users\\huruk\\AppData\\Local\\Temp\\rust_mozprofile6ZZxpu\\search.json.mozlz4", (void 0)))
DevTools listening on ws://localhost:49431/devtools/browser/6a9eeed9-3ab2-4b9a-a524-d9377367d18e
1651828262138	Marionette	INFO	Listening on port 58354
Read port: 58354
1651828262259	RemoteAgent	WARN	TLS certificate errors will be ignored for this session
May 06, 2022 4:11:02 AM org.openqa.selenium.remote.ProtocolHandshake createSession
INFO: Detected dialect: W3C
console.warn: LoginRecipes: "getRecipes: falling back to a synchronous message for:" "http://the-internet.herokuapp.com"
console.warn: LoginRecipes: "getRecipes: falling back to a synchronous message for:" "http://the-internet.herokuapp.com"
JavaScript error: resource://gre/modules/LoginManagerParent.jsm, line 136: TypeError: gRecipeManager is null
1651828270329	Marionette	INFO	Stopped listening on port 58354
]]></system-err>
  </testcase>
</testsuite>