<?xml version="1.0" encoding="UTF-8"?>
<testng-results ignored="4" total="5" passed="1" failed="0" skipped="0">
  <reporter-output>
  </reporter-output>
  <suite started-at="2022-05-09T19:36:01 CDT" name="Exceptions Tests Suite" finished-at="2022-05-09T19:36:11 CDT" duration-ms="10029">
    <groups>
    </groups>
    <test started-at="2022-05-09T19:36:01 CDT" name="Exceptions Test" finished-at="2022-05-09T19:36:11 CDT" duration-ms="10029">
      <class name="com.herokuapp.theinternet.ExceptionsTests">
        <test-method is-config="true" signature="setUp(java.lang.String)[pri:0, instance:com.herokuapp.theinternet.ExceptionsTests@2ed2d9cb]" started-at="2022-05-09T19:36:01 CDT" name="setUp" finished-at="2022-05-09T19:36:07 CDT" duration-ms="5212" status="PASS">
          <params>
            <param index="0">
              <value>
                <![CDATA[chrome]]>
              </value>
            </param>
          </params>
          <reporter-output>
          </reporter-output>
        </test-method> <!-- setUp -->
        <test-method signature="disabledElementTest()[pri:0, instance:com.herokuapp.theinternet.ExceptionsTests@2ed2d9cb]" started-at="2022-05-09T19:36:07 CDT" name="disabledElementTest" finished-at="2022-05-09T19:36:11 CDT" duration-ms="4656" status="PASS">
          <reporter-output>
          </reporter-output>
        </test-method> <!-- disabledElementTest -->
        <test-method is-config="true" signature="tearDown()[pri:0, instance:com.herokuapp.theinternet.ExceptionsTests@2ed2d9cb]" started-at="2022-05-09T19:36:11 CDT" name="tearDown" finished-at="2022-05-09T19:36:11 CDT" duration-ms="135" status="PASS">
          <reporter-output>
          </reporter-output>
        </test-method> <!-- tearDown -->
      </class> <!-- com.herokuapp.theinternet.ExceptionsTests -->
    </test> <!-- Exceptions Test -->
  </suite> <!-- Exceptions Tests Suite -->
</testng-results>
