<?xml version="1.0" encoding="UTF-8"?>
<testng-results ignored="0" total="1" passed="1" failed="0" skipped="0">
  <reporter-output>
  </reporter-output>
  <suite started-at="2022-05-09T04:35:28 CDT" name="Exceptions Tests Suite" finished-at="2022-05-09T04:35:40 CDT" duration-ms="11892">
    <groups>
    </groups>
    <test started-at="2022-05-09T04:35:28 CDT" name="NotVisibleTest" finished-at="2022-05-09T04:35:40 CDT" duration-ms="11892">
      <class name="com.herokuapp.theinternet.ExceptionsTests">
        <test-method is-config="true" signature="setUp(java.lang.String)[pri:0, instance:com.herokuapp.theinternet.ExceptionsTests@52af26ee]" started-at="2022-05-09T04:35:28 CDT" name="setUp" finished-at="2022-05-09T04:35:33 CDT" duration-ms="5269" status="PASS">
          <params>
            <param index="0">
              <value>
                <![CDATA[chrome]]>
              </value>
            </param>
          </params>
          <reporter-output>
          </reporter-output>
        </test-method> <!-- setUp -->
        <test-method signature="notVisibleTest()[pri:0, instance:com.herokuapp.theinternet.ExceptionsTests@52af26ee]" started-at="2022-05-09T04:35:33 CDT" name="notVisibleTest" finished-at="2022-05-09T04:35:39 CDT" duration-ms="6433" status="PASS">
          <reporter-output>
          </reporter-output>
        </test-method> <!-- notVisibleTest -->
        <test-method is-config="true" signature="tearDown()[pri:0, instance:com.herokuapp.theinternet.ExceptionsTests@52af26ee]" started-at="2022-05-09T04:35:39 CDT" name="tearDown" finished-at="2022-05-09T04:35:40 CDT" duration-ms="161" status="PASS">
          <reporter-output>
          </reporter-output>
        </test-method> <!-- tearDown -->
      </class> <!-- com.herokuapp.theinternet.ExceptionsTests -->
    </test> <!-- NotVisibleTest -->
  </suite> <!-- Exceptions Tests Suite -->
</testng-results>
