<?xml version="1.0" encoding="UTF-8"?>
<!-- Generated by org.testng.reporters.JUnitXMLReporter -->
<testsuite hostname="LAPTOP-RGPVMKAR" ignored="0" name="NegativeTests" tests="2" failures="0" timestamp="2022-05-06T04:11:10 CDT" time="21.836" errors="0">
  <testcase name="incorrectPasswordTest" time="9.708" classname="com.herokuapp.theinternet.NegativeTests"/>
  <testcase name="incorrectUsernameTest" time="12.126" classname="com.herokuapp.theinternet.NegativeTests"/>
</testsuite> <!-- NegativeTests -->
