<?xml version="1.0" encoding="UTF-8"?>
<!-- Generated by org.testng.reporters.JUnitXMLReporter -->
<testsuite ignored="1" hostname="LAPTOP-RGPVMKAR" failures="0" tests="1" name="NegativePasswordTests" time="13.674" errors="0" timestamp="2022-05-09T13:15:51 CDT">
  <testcase classname="com.herokuapp.theinternet.LoginTests" name="negativeLoginTest" time="4.526"/>
  <testcase classname="com.herokuapp.theinternet.LoginTests" name="positiveLoginTest" time="0.0">
    <ignored/>
  </testcase> <!-- positiveLoginTest -->
</testsuite> <!-- NegativePasswordTests -->
