<?xml version="1.0" encoding="UTF-8"?>
<!-- Generated by org.testng.reporters.JUnitXMLReporter -->
<testsuite ignored="1" hostname="LAPTOP-RGPVMKAR" failures="0" tests="1" name="NegativeUsernameTests" time="12.84" errors="0" timestamp="2022-05-07T19:47:54 CDT">
  <testcase classname="com.herokuapp.theinternet.LoginTests" name="negativeLoginTest" time="8.342"/>
  <testcase classname="com.herokuapp.theinternet.LoginTests" name="positiveloginTest" time="0.0">
    <ignored/>
  </testcase> <!-- positiveloginTest -->
</testsuite> <!-- NegativeUsernameTests -->
