<?xml version="1.0" encoding="UTF-8"?>
<!-- Generated by org.testng.reporters.JUnitXMLReporter -->
<testsuite ignored="1" hostname="LAPTOP-RGPVMKAR" failures="0" tests="1" name="PositiveTests" time="10.643" errors="0" timestamp="2022-05-09T13:15:28 CDT">
  <testcase classname="com.herokuapp.theinternet.LoginTests" name="positiveLoginTest" time="4.943"/>
  <testcase classname="com.herokuapp.theinternet.LoginTests" name="negativeLoginTest" time="0.0">
    <ignored/>
  </testcase> <!-- negativeLoginTest -->
</testsuite> <!-- PositiveTests -->
