<?xml version="1.0" encoding="UTF-8"?>
<!-- Generated by org.testng.reporters.JUnitXMLReporter -->
<testsuite ignored="0" hostname="LAPTOP-RGPVMKAR" failures="0" tests="2" name="NegativeTests" time="23.307" errors="0" timestamp="2022-05-06T20:16:12 CDT">
  <testcase classname="com.herokuapp.theinternet.NegativeTests" name="incorrectPasswordTest" time="10.944"/>
  <testcase classname="com.herokuapp.theinternet.NegativeTests" name="incorrectUsernameTest" time="12.358"/>
</testsuite> <!-- NegativeTests -->
