<?xml version="1.0" encoding="UTF-8"?>
<!-- Generated by org.testng.reporters.JUnitXMLReporter -->
<testsuite ignored="0" hostname="LAPTOP-RGPVMKAR" failures="0" tests="2" name="Default test" time="18.925" errors="0" timestamp="2022-05-06T03:26:40 CDT">
  <testcase classname="com.herokuapp.theinternet.NegativeTests" name="incorrectPasswordTest" time="9.957"/>
  <testcase classname="com.herokuapp.theinternet.NegativeTests" name="incorrectUsernameTest" time="8.935"/>
</testsuite> <!-- Default test -->
